{"/Users/michaelherman/Documents/repos/github/node-backbone-api/app.js":{"path":"/Users/michaelherman/Documents/repos/github/node-backbone-api/app.js","s":{"1":1},"b":{},"f":{},"fnMap":{},"statementMap":{"1":{"start":{"line":1,"column":0},"end":{"line":3,"column":0}}},"branchMap":{}},"/Users/michaelherman/Documents/repos/github/node-backbone-api/lib/index.js":{"path":"/Users/michaelherman/Documents/repos/github/node-backbone-api/lib/index.js","s":{"1":1,"2":1,"3":1,"4":1,"5":1,"6":1,"7":1,"8":1,"9":1,"10":1,"11":1,"12":1,"13":1,"14":1,"15":1,"16":1,"17":1,"18":1,"19":1,"20":1,"21":0,"22":1,"23":1,"24":1,"25":1,"26":1,"27":1,"28":1,"29":1,"30":1},"b":{"1":[0,1],"2":[1,1]},"f":{"1":1},"fnMap":{"1":{"name":"(anonymous_1)","line":42,"loc":{"start":{"line":42,"column":47},"end":{"line":42,"column":57}}}},"statementMap":{"1":{"start":{"line":2,"column":0},"end":{"line":2,"column":23}},"2":{"start":{"line":3,"column":0},"end":{"line":3,"column":27}},"3":{"start":{"line":4,"column":0},"end":{"line":4,"column":33}},"4":{"start":{"line":5,"column":0},"end":{"line":5,"column":33}},"5":{"start":{"line":6,"column":0},"end":{"line":6,"column":48}},"6":{"start":{"line":7,"column":0},"end":{"line":7,"column":27}},"7":{"start":{"line":8,"column":0},"end":{"line":8,"column":40}},"8":{"start":{"line":9,"column":0},"end":{"line":9,"column":35}},"9":{"start":{"line":12,"column":0},"end":{"line":12,"column":20}},"10":{"start":{"line":13,"column":0},"end":{"line":13,"column":44}},"11":{"start":{"line":14,"column":0},"end":{"line":14,"column":39}},"12":{"start":{"line":15,"column":0},"end":{"line":15,"column":31}},"13":{"start":{"line":16,"column":0},"end":{"line":16,"column":60}},"14":{"start":{"line":17,"column":0},"end":{"line":17,"column":30}},"15":{"start":{"line":18,"column":0},"end":{"line":18,"column":34}},"16":{"start":{"line":19,"column":0},"end":{"line":19,"column":50}},"17":{"start":{"line":20,"column":0},"end":{"line":20,"column":27}},"18":{"start":{"line":21,"column":0},"end":{"line":21,"column":20}},"19":{"start":{"line":22,"column":0},"end":{"line":22,"column":56}},"20":{"start":{"line":25,"column":0},"end":{"line":27,"column":1}},"21":{"start":{"line":26,"column":2},"end":{"line":26,"column":34}},"22":{"start":{"line":30,"column":0},"end":{"line":31,"column":0}},"23":{"start":{"line":31,"column":0},"end":{"line":32,"column":0}},"24":{"start":{"line":32,"column":0},"end":{"line":32,"column":24}},"25":{"start":{"line":38,"column":0},"end":{"line":38,"column":27}},"26":{"start":{"line":39,"column":0},"end":{"line":39,"column":30}},"27":{"start":{"line":40,"column":0},"end":{"line":40,"column":24}},"28":{"start":{"line":42,"column":0},"end":{"line":44,"column":3}},"29":{"start":{"line":43,"column":2},"end":{"line":43,"column":69}},"30":{"start":{"line":46,"column":0},"end":{"line":46,"column":21}}},"branchMap":{"1":{"line":25,"type":"if","locations":[{"start":{"line":25,"column":0},"end":{"line":25,"column":0}},{"start":{"line":25,"column":0},"end":{"line":25,"column":0}}]},"2":{"line":31,"type":"binary-expr","locations":[{"start":{"line":31,"column":12},"end":{"line":31,"column":36}},{"start":{"line":31,"column":40},"end":{"line":31,"column":80}}]}}},"/Users/michaelherman/Documents/repos/github/node-backbone-api/lib/routes/index.js":{"path":"/Users/michaelherman/Documents/repos/github/node-backbone-api/lib/routes/index.js","s":{"1":1,"2":1,"3":0,"4":1,"5":1},"b":{},"f":{"1":0,"2":1},"fnMap":{"1":{"name":"(anonymous_1)","line":3,"loc":{"start":{"line":3,"column":16},"end":{"line":3,"column":34}}},"2":{"name":"(anonymous_2)","line":7,"loc":{"start":{"line":7,"column":15},"end":{"line":7,"column":33}}}},"statementMap":{"1":{"start":{"line":1,"column":0},"end":{"line":1,"column":27}},"2":{"start":{"line":3,"column":0},"end":{"line":5,"column":2}},"3":{"start":{"line":4,"column":2},"end":{"line":4,"column":51}},"4":{"start":{"line":7,"column":0},"end":{"line":9,"column":2}},"5":{"start":{"line":8,"column":2},"end":{"line":8,"column":25}}},"branchMap":{}},"/Users/michaelherman/Documents/repos/github/node-backbone-api/lib/middleware/notFound.js":{"path":"/Users/michaelherman/Documents/repos/github/node-backbone-api/lib/middleware/notFound.js","s":{"1":1,"2":1,"3":1,"4":1},"b":{},"f":{"1":1},"fnMap":{"1":{"name":"(anonymous_1)","line":3,"loc":{"start":{"line":3,"column":16},"end":{"line":3,"column":40}}}},"statementMap":{"1":{"start":{"line":1,"column":0},"end":{"line":3,"column":0}},"2":{"start":{"line":3,"column":0},"end":{"line":6,"column":2}},"3":{"start":{"line":4,"column":2},"end":{"line":4,"column":28}},"4":{"start":{"line":5,"column":2},"end":{"line":5,"column":30}}},"branchMap":{}},"/Users/michaelherman/Documents/repos/github/node-backbone-api/lib/logger/index.js":{"path":"/Users/michaelherman/Documents/repos/github/node-backbone-api/lib/logger/index.js","s":{"1":1,"2":1,"3":1,"4":1,"5":1},"b":{},"f":{"1":1},"fnMap":{"1":{"name":"Logger","line":4,"loc":{"start":{"line":4,"column":0},"end":{"line":4,"column":17}}}},"statementMap":{"1":{"start":{"line":1,"column":0},"end":{"line":2,"column":0}},"2":{"start":{"line":2,"column":0},"end":{"line":2,"column":41}},"3":{"start":{"line":4,"column":0},"end":{"line":11,"column":1}},"4":{"start":{"line":5,"column":2},"end":{"line":10,"column":5}},"5":{"start":{"line":13,"column":0},"end":{"line":13,"column":30}}},"branchMap":{}},"/Users/michaelherman/Documents/repos/github/node-backbone-api/lib/configuration/index.js":{"path":"/Users/michaelherman/Documents/repos/github/node-backbone-api/lib/configuration/index.js","s":{"1":1,"2":1,"3":1,"4":1,"5":1,"6":1,"7":1,"8":3,"9":1},"b":{"1":[1,0]},"f":{"1":1,"2":3},"fnMap":{"1":{"name":"Config","line":3,"loc":{"start":{"line":3,"column":0},"end":{"line":3,"column":17}}},"2":{"name":"(anonymous_2)","line":10,"loc":{"start":{"line":10,"column":23},"end":{"line":10,"column":37}}}},"statementMap":{"1":{"start":{"line":1,"column":0},"end":{"line":1,"column":29}},"2":{"start":{"line":3,"column":0},"end":{"line":8,"column":1}},"3":{"start":{"line":4,"column":2},"end":{"line":4,"column":24}},"4":{"start":{"line":5,"column":2},"end":{"line":5,"column":59}},"5":{"start":{"line":6,"column":2},"end":{"line":6,"column":61}},"6":{"start":{"line":7,"column":2},"end":{"line":7,"column":47}},"7":{"start":{"line":10,"column":0},"end":{"line":12,"column":2}},"8":{"start":{"line":11,"column":2},"end":{"line":12,"column":0}},"9":{"start":{"line":14,"column":0},"end":{"line":14,"column":30}}},"branchMap":{"1":{"line":5,"type":"binary-expr","locations":[{"start":{"line":5,"column":20},"end":{"line":5,"column":41}},{"start":{"line":5,"column":45},"end":{"line":5,"column":58}}]}}}}