TN:
SF:/Users/michaelherman/Documents/repos/github/node-backbone-api/app.js
FNF:0
FNH:0
DA:1,1
LF:1
LH:1
BRF:0
BRH:0
end_of_record
TN:
SF:/Users/michaelherman/Documents/repos/github/node-backbone-api/lib/index.js
FN:42,(anonymous_1)
FNF:1
FNH:1
FNDA:1,(anonymous_1)
DA:2,1
DA:3,1
DA:4,1
DA:5,1
DA:6,1
DA:7,1
DA:8,1
DA:9,1
DA:12,1
DA:13,1
DA:14,1
DA:15,1
DA:16,1
DA:17,1
DA:18,1
DA:19,1
DA:20,1
DA:21,1
DA:22,1
DA:25,1
DA:26,0
DA:30,1
DA:31,1
DA:32,1
DA:38,1
DA:39,1
DA:40,1
DA:42,1
DA:43,1
DA:46,1
LF:30
LH:29
BRDA:25,1,0,0
BRDA:25,1,1,1
BRDA:31,2,0,1
BRDA:31,2,1,1
BRF:4
BRH:3
end_of_record
TN:
SF:/Users/michaelherman/Documents/repos/github/node-backbone-api/lib/routes/index.js
FN:3,(anonymous_1)
FN:7,(anonymous_2)
FNF:2
FNH:1
FNDA:0,(anonymous_1)
FNDA:1,(anonymous_2)
DA:1,1
DA:3,1
DA:4,0
DA:7,1
DA:8,1
LF:5
LH:4
BRF:0
BRH:0
end_of_record
TN:
SF:/Users/michaelherman/Documents/repos/github/node-backbone-api/lib/middleware/notFound.js
FN:3,(anonymous_1)
FNF:1
FNH:1
FNDA:1,(anonymous_1)
DA:1,1
DA:3,1
DA:4,1
DA:5,1
LF:4
LH:4
BRF:0
BRH:0
end_of_record
TN:
SF:/Users/michaelherman/Documents/repos/github/node-backbone-api/lib/logger/index.js
FN:4,Logger
FNF:1
FNH:1
FNDA:1,Logger
DA:1,1
DA:2,1
DA:4,1
DA:5,1
DA:13,1
LF:5
LH:5
BRF:0
BRH:0
end_of_record
TN:
SF:/Users/michaelherman/Documents/repos/github/node-backbone-api/lib/configuration/index.js
FN:3,Config
FN:10,(anonymous_2)
FNF:2
FNH:2
FNDA:1,Config
FNDA:3,(anonymous_2)
DA:1,1
DA:3,1
DA:4,1
DA:5,1
DA:6,1
DA:7,1
DA:10,1
DA:11,3
DA:14,1
LF:9
LH:9
BRDA:5,1,0,1
BRDA:5,1,1,0
BRF:2
BRH:1
end_of_record
